  World.cpp
c:\users\jake\documents\visual studio 2015\projects\sfml\tutorial\tutorial\world.cpp(10): warning C4244: 'argument': conversion from 'int' to 'float', possible loss of data
c:\users\jake\documents\visual studio 2015\projects\sfml\tutorial\tutorial\world.cpp(15): warning C4244: 'argument': conversion from 'int' to 'float', possible loss of data
c:\users\jake\documents\visual studio 2015\projects\sfml\tutorial\tutorial\world.cpp(15): warning C4244: 'argument': conversion from 'unsigned int' to 'float', possible loss of data
c:\users\jake\documents\visual studio 2015\projects\sfml\tutorial\tutorial\world.cpp(17): warning C4244: 'argument': conversion from 'unsigned int' to 'float', possible loss of data
c:\users\jake\documents\visual studio 2015\projects\sfml\tutorial\tutorial\world.cpp(17): warning C4244: 'argument': conversion from 'int' to 'float', possible loss of data
c:\users\jake\documents\visual studio 2015\projects\sfml\tutorial\tutorial\world.cpp(39): warning C4244: 'argument': conversion from 'int' to 'float', possible loss of data
  Textbox.cpp
c:\users\jake\documents\visual studio 2015\projects\sfml\tutorial\tutorial\textbox.cpp(27): warning C4244: 'argument': conversion from 'int' to 'float', possible loss of data
c:\users\jake\documents\visual studio 2015\projects\sfml\tutorial\tutorial\textbox.cpp(34): warning C4018: '>': signed/unsigned mismatch
  Snake.cpp
c:\users\jake\documents\visual studio 2015\projects\sfml\tutorial\tutorial\snake.cpp(17): warning C4244: 'argument': conversion from 'int' to 'float', possible loss of data
c:\users\jake\documents\visual studio 2015\projects\sfml\tutorial\tutorial\snake.cpp(69): warning C4244: 'argument': conversion from 'double' to 'float', possible loss of data
c:\users\jake\documents\visual studio 2015\projects\sfml\tutorial\tutorial\snake.cpp(213): warning C4244: 'argument': conversion from 'int' to 'float', possible loss of data
c:\users\jake\documents\visual studio 2015\projects\sfml\tutorial\tutorial\snake.cpp(220): warning C4244: 'argument': conversion from 'int' to 'float', possible loss of data
  Game.cpp
c:\users\jake\documents\visual studio 2015\projects\sfml\tutorial\tutorial\game.cpp(15): warning C4244: 'argument': conversion from 'time_t' to 'unsigned int', possible loss of data
  Generating Code...
  Compiling...
  main.cpp
  Generating Code...
  Tutorial.vcxproj -> C:\Users\Jake\Documents\Visual Studio 2015\Projects\SFML\Tutorial\Debug\Tutorial.exe
